
8-19-2021 12:26:28 Ejecutando procedimiento.-> QueryDelete_product 000000000100='000000000100' 
8-19-2021 12:27:7 Ejecutando procedimiento.-> QueryDelete_product 000000000100='000000000100' 
8-19-2021 12:28:15 Ejecutando procedimiento.-> call QueryDelete_product(?) 000000000100='000000000100' 
8-19-2021 12:35:47 Ejecutando procedimiento.-> call QueryDelete_product(?) 0000000001000='0000000001000' 
8-19-2021 12:39:50 Ejecutando procedimiento.-> call QueryDelete_product(?) 0000000001000='0000000001000' 
8-19-2021 12:40:38 Ejecutando procedimiento.-> call QueryDelete_product(?) 0000000001000='0000000001000' 
8-19-2021 12:41:27 Ejecutando procedimiento.-> call QueryDelete_product(?) 0000000001000='0000000001000' 
8-19-2021 12:42:45 Ejecutando procedimiento.-> call QueryDelete_product(?) 0000000001000='0000000001000' 
8-21-2021 14:11:12 Ejecutando procedimiento.-> call QueryInsert_product(?,?,?,?,?,?,?,?,?) 07501020218000='07501020218000' Prueba artìculo='Prueba artìculo' 01='01' 02='02' 77.8='77.8' 0='0' N='N' 1='1' 1='1' 
8-21-2021 14:11:28 Ejecutando procedimiento.-> call QueryInsert_product(?,?,?,?,?,?,?,?,?) 0750102021800='0750102021800' Prueba artìculo='Prueba artìculo' 01='01' 02='02' 77.8='77.8' 0='0' N='N' 1='1' 1='1' 
8-21-2021 14:13:30 Ejecutando procedimiento.-> call QueryInsert_product(?,?,?,?,?,?,?,?,?) 9750102021800='9750102021800' Prueba artìculo='Prueba artìculo' 01='01' 02='02' 77.8='77.8' 0='0' N='N' 1='1' 1='1' 
8-21-2021 14:14:18 Ejecutando procedimiento.-> call QueryInsert_product(?,?,?,?,?,?,?,?,?) 9750102021800='9750102021800' Prueba artìculo='Prueba artìculo' 01='01' 02='02' 77.8='77.8' 0='0' N='N' 1='1' 1='1' 
8-21-2021 14:15:32 Ejecutando procedimiento.-> call QueryInsert_product(?,?,?,?,?,?,?,?,?) 9750102021800='9750102021800' Prueba artìculo='Prueba artìculo' 01='01' 02='02' 77.8='77.8' 0='0' N='N' 1='1' 1='1' 
8-22-2021 11:42:17 Ejecutando procedimiento.-> call QueryInsert_Inventory(?,?,?,?) undefined='undefined' undefined='undefined' undefined='undefined' undefined='undefined' 
8-22-2021 11:53:40 Ejecutando procedimiento.-> call QueryInsert_Inventory(?,?,?,?) undefined='undefined' undefined='undefined' undefined='undefined' undefined='undefined' 
8-22-2021 11:56:38 Ejecutando procedimiento.-> call QueryInsert_Inventory(?,?,?,?) 00000001='00000001' 000000000003='000000000003' 20='20' 25='25' 
8-22-2021 12:2:51 Ejecutando procedimiento.-> call QueryDelete_Inventory(?) 000000000003='000000000003' 
8-22-2021 13:55:26 Ejecutando procedimiento.-> call QueryInsert_Category(?,?,?,?) 001='001' Categoria de prueba='Categoria de prueba' Descripcion normal='Descripcion normal' Categoria de prueba descripciòn larga='Categoria de prueba descripciòn larga' 
8-22-2021 13:59:11 Ejecutando procedimiento.-> call QueryInsert_Category(?,?,?,?) 001='001' Categoria de prueba='Categoria de prueba' Descripcion normal='Descripcion normal' Categoria de prueba descripciòn larga='Categoria de prueba descripciòn larga' 
8-22-2021 14:7:5 Ejecutando procedimiento.-> call QueryDelete_Category(?) 001='001' 
8-22-2021 14:9:35 Ejecutando procedimiento.-> call QueryInsert_Category(?,?,?,?) 001='001' Categoria de prueba='Categoria de prueba' Descripcion normal='Descripcion normal' Categoria de prueba descripciòn larga='Categoria de prueba descripciòn larga' 
8-22-2021 14:9:51 Ejecutando procedimiento.-> call QueryInsert_Category(?,?,?,?) 002='002' Categoria de prueba='Categoria de prueba' Descripcion normal='Descripcion normal' Categoria de prueba descripciòn larga='Categoria de prueba descripciòn larga' 
8-22-2021 17:1:9 Ejecutando procedimiento.-> call QueryDelete_subCategory(?) 001='001' 
8-23-2021 15:26:43 Ejecutando procedimiento.-> call QueryDelete_Category(?) 001='001' 
8-23-2021 15:27:11 Ejecutando procedimiento.-> call QueryDelete_Category(?) 001='001' 
8-23-2021 15:27:43 Ejecutando procedimiento.-> call QueryDelete_Category(?) 001='001' 
8-23-2021 22:47:7 Ejecutando procedimiento.-> call QueryInsert_Category(?,?,?,?) 002='002' Nombre cambiado='Nombre cambiado' Descripcion modificada='Descripcion modificada' Larga nueva='Larga nueva' 
8-23-2021 23:0:30 Ejecutando procedimiento.-> call QueryInsert_Category(?,?,?,?) 002='002' Nombre cambiado='Nombre cambiado' Descripcion modificada='Descripcion modificada' Larga nueva='Larga nueva' 
8-23-2021 23:14:16 Ejecutando procedimiento.-> call QueryInsert_Category(?,?,?,?) 002='002' Nombre cambiado2='Nombre cambiado2' Descripcion modificada='Descripcion modificada' Larga nueva='Larga nueva' 
8-23-2021 23:19:11 Ejecutando procedimiento.-> call QueryInsert_Category(?,?,?,?) 002='002' Nombre cambiado2='Nombre cambiado2' Descripcion modificada='Descripcion modificada' Larga nueva='Larga nueva' 
8-23-2021 23:19:19 Ejecutando procedimiento.-> call QueryInsert_Category(?,?,?,?) 002='002' Nombre cambiado3='Nombre cambiado3' Descripcion modificada='Descripcion modificada' Larga nueva='Larga nueva' 
8-23-2021 23:27:23 Ejecutando procedimiento.-> call QueryInsert_Category(?,?,?,?) 002='002' Nombre cambiado3='Nombre cambiado3' Descripcion modificada='Descripcion modificada' Larga nueva='Larga nueva' 
8-23-2021 23:27:34 Ejecutando procedimiento.-> call QueryInsert_Category(?,?,?,?) 002='002' Nombre cambiado4='Nombre cambiado4' Descripcion modificada='Descripcion modificada' Larga nueva='Larga nueva' 
8-23-2021 23:31:55 Ejecutando procedimiento.-> call QueryInsert_Category(?,?,?,?) 002='002' Nombre cambiado5='Nombre cambiado5' Descripcion modificada='Descripcion modificada' Larga nueva='Larga nueva' 
8-23-2021 23:40:41 Ejecutando procedimiento.-> call QueryInsert_Category(?,?,?,?) 002='002' Nombre cambiado6='Nombre cambiado6' Descripcion modificada='Descripcion modificada' Larga nueva='Larga nueva' 
8-23-2021 23:43:4 Ejecutando procedimiento.-> call QueryInsert_Category(?,?,?,?) 002='002' Nombre cambiado7='Nombre cambiado7' Descripcion modificada='Descripcion modificada' Larga nueva='Larga nueva' 
8-23-2021 23:43:33 Ejecutando procedimiento.-> call QueryInsert_Category(?,?,?,?) 002='002' Nombre cambiado7='Nombre cambiado7' Descripcion modificadax='Descripcion modificadax' Larga nueva='Larga nueva' 
8-23-2021 23:43:42 Ejecutando procedimiento.-> call QueryInsert_Category(?,?,?,?) 002='002' Nombre cambiado8='Nombre cambiado8' Descripcion modificadax='Descripcion modificadax' Larga nueva='Larga nueva' 